2026-07-20 12:57:42 -04:00: 
2026-07-20 12:57:42 -04:00: > dte-chile-app@1.0.0 dev
2026-07-20 12:57:42 -04:00: > next dev
2026-07-20 12:57:42 -04:00: 
2026-07-20 12:57:43 -04:00:   ▲ Next.js 14.2.35
2026-07-20 12:57:43 -04:00:   - Local:        http://localhost:3000
2026-07-20 12:57:43 -04:00:   - Environments: .env.local
2026-07-20 12:57:43 -04:00: 
2026-07-20 12:57:43 -04:00:  ✓ Starting...
2026-07-20 12:57:45 -04:00:  ✓ Ready in 2.3s
2026-07-20 13:02:19 -04:00: [?25h
2026-07-20 13:02:19 -04:00: 
2026-07-20 13:03:33 -04:00: 
2026-07-20 13:03:33 -04:00: > dte-chile-app@1.0.0 dev
2026-07-20 13:03:33 -04:00: > next dev -p 3001
2026-07-20 13:03:33 -04:00: 
2026-07-20 13:03:33 -04:00:   ▲ Next.js 14.2.35
2026-07-20 13:03:33 -04:00:   - Local:        http://localhost:3001
2026-07-20 13:03:33 -04:00:   - Environments: .env.local
2026-07-20 13:03:33 -04:00: 
2026-07-20 13:03:33 -04:00:  ✓ Starting...
2026-07-20 13:03:34 -04:00:  ✓ Ready in 1469ms
2026-07-20 13:03:35 -04:00:  ○ Compiling / ...
2026-07-20 13:03:39 -04:00:  ✓ Compiled / in 4.9s (667 modules)
2026-07-20 13:03:40 -04:00:  GET / 200 in 5257ms
2026-07-20 13:03:40 -04:00:  ✓ Compiled in 796ms (653 modules)
2026-07-20 13:03:42 -04:00:  GET / 200 in 74ms
2026-07-20 13:04:58 -04:00:  GET /.well-known/appspecific/com.chrome.devtools.json 404 in 28ms
2026-07-20 13:05:57 -04:00:  ○ Compiling /facturas ...
2026-07-20 13:05:58 -04:00:  ✓ Compiled /facturas in 858ms (751 modules)
2026-07-20 13:06:03 -04:00:  ✓ Compiled /facturas/[folio] in 224ms (782 modules)
2026-07-20 13:06:06 -04:00:  ○ Compiling /api/generate-pdf ...
2026-07-20 13:06:07 -04:00:  POST /api/generate-pdf 500 in 962ms
2026-07-20 13:08:45 -04:00:  GET /auth 200 in 125ms
2026-07-20 13:08:54 -04:00:  ✓ Compiled /select-company in 273ms (794 modules)
2026-07-20 13:10:00 -04:00:  ✓ Compiled /settings in 282ms (800 modules)
2026-07-20 13:12:20 -04:00:  ✓ Compiled in 1025ms (809 modules)
2026-07-20 13:12:21 -04:00: [?25h
2026-07-20 13:12:21 -04:00: 
2026-07-20 13:12:21 -04:00: > dte-chile-app@1.0.0 dev
2026-07-20 13:12:21 -04:00: > next dev -p 3001
2026-07-20 13:12:21 -04:00: 
2026-07-20 13:12:22 -04:00:   ▲ Next.js 14.2.35
2026-07-20 13:12:22 -04:00:   - Local:        http://localhost:3001
2026-07-20 13:12:22 -04:00:   - Environments: .env.local
2026-07-20 13:12:22 -04:00: 
2026-07-20 13:12:22 -04:00:  ✓ Starting...
2026-07-20 13:12:25 -04:00:  ✓ Ready in 3.3s
2026-07-20 13:12:25 -04:00:  ○ Compiling /settings ...
2026-07-20 13:12:26 -04:00:  ✓ Compiled /settings in 1377ms (552 modules)
2026-07-20 13:12:27 -04:00:  ✓ Compiled in 227ms (284 modules)
2026-07-20 13:12:27 -04:00: [?25h
2026-07-20 13:12:27 -04:00: 
2026-07-20 13:12:27 -04:00: 
2026-07-20 13:12:27 -04:00: > dte-chile-app@1.0.0 dev
2026-07-20 13:12:27 -04:00: > next dev -p 3001
2026-07-20 13:12:27 -04:00: 
2026-07-20 13:12:28 -04:00:   ▲ Next.js 14.2.35
2026-07-20 13:12:28 -04:00:   - Local:        http://localhost:3001
2026-07-20 13:12:28 -04:00:   - Environments: .env.local
2026-07-20 13:12:28 -04:00: 
2026-07-20 13:12:28 -04:00:  ✓ Starting...
2026-07-20 13:12:29 -04:00:  ✓ Ready in 1314ms
2026-07-20 13:12:48 -04:00:  ○ Compiling /select-company ...
2026-07-20 13:12:49 -04:00:  ✓ Compiled /select-company in 1149ms (552 modules)
2026-07-20 13:12:49 -04:00:  ✓ Compiled in 73ms (284 modules)
2026-07-20 13:12:52 -04:00:  ○ Compiling /facturas ...
2026-07-20 13:12:53 -04:00:  ✓ Compiled /facturas in 836ms (746 modules)
2026-07-20 13:12:55 -04:00:  ✓ Compiled /facturas/[folio] in 124ms (780 modules)
2026-07-20 13:13:16 -04:00:  ✓ Compiled /settings in 197ms (786 modules)
2026-07-20 13:15:14 -04:00:  ✓ Compiled in 271ms (347 modules)
2026-07-20 13:15:15 -04:00: [?25h
2026-07-20 13:15:15 -04:00: 
2026-07-20 13:15:15 -04:00: 
2026-07-20 13:15:15 -04:00: > dte-chile-app@1.0.0 dev
2026-07-20 13:15:15 -04:00: > next dev -p 3001
2026-07-20 13:15:15 -04:00: 
2026-07-20 13:15:16 -04:00:   ▲ Next.js 14.2.35
2026-07-20 13:15:16 -04:00:   - Local:        http://localhost:3001
2026-07-20 13:15:16 -04:00:   - Environments: .env.local
2026-07-20 13:15:16 -04:00: 
2026-07-20 13:15:16 -04:00:  ✓ Starting...
2026-07-20 13:15:17 -04:00:  ✓ Ready in 1280ms
2026-07-20 13:15:27 -04:00: [?25h
2026-07-20 13:15:27 -04:00: 
2026-07-20 13:15:27 -04:00: 
2026-07-20 13:15:27 -04:00: > dte-chile-app@1.0.0 dev
2026-07-20 13:15:27 -04:00: > next dev -p 3001
2026-07-20 13:15:27 -04:00: 
2026-07-20 13:15:28 -04:00:   ▲ Next.js 14.2.35
2026-07-20 13:15:28 -04:00:   - Local:        http://localhost:3001
2026-07-20 13:15:28 -04:00:   - Environments: .env.local
2026-07-20 13:15:28 -04:00: 
2026-07-20 13:15:28 -04:00:  ✓ Starting...
2026-07-20 13:15:29 -04:00:  ✓ Ready in 1248ms
2026-07-20 13:15:29 -04:00:  ○ Compiling /facturas ...
2026-07-20 13:15:30 -04:00:  ✓ Compiled /facturas in 1363ms (754 modules)
2026-07-20 13:15:31 -04:00:  GET /facturas 200 in 1665ms
2026-07-20 13:15:31 -04:00:  ✓ Compiled in 235ms (341 modules)
2026-07-20 13:15:31 -04:00:  ✓ Compiled /auth in 369ms (746 modules)
2026-07-20 13:15:37 -04:00:  ✓ Compiled /select-company in 242ms (752 modules)
2026-07-20 13:15:42 -04:00:  ✓ Compiled /facturas/[folio] in 168ms (786 modules)
2026-07-20 13:15:47 -04:00:  ✓ Compiled /_not-found in 480ms (789 modules)
2026-07-20 13:15:47 -04:00:  GET /.well-known/appspecific/com.chrome.devtools.json 404 in 549ms
2026-07-20 13:16:29 -04:00:  ✓ Compiled in 658ms (789 modules)
2026-07-20 13:16:30 -04:00: [?25h
2026-07-20 13:16:30 -04:00: 
2026-07-20 13:16:30 -04:00: 
2026-07-20 13:16:30 -04:00: > dte-chile-app@1.0.0 dev
2026-07-20 13:16:30 -04:00: > next dev -p 3001
2026-07-20 13:16:30 -04:00: 
2026-07-20 13:16:31 -04:00:   ▲ Next.js 14.2.35
2026-07-20 13:16:31 -04:00:   - Local:        http://localhost:3001
2026-07-20 13:16:31 -04:00:   - Environments: .env.local
2026-07-20 13:16:31 -04:00: 
2026-07-20 13:16:31 -04:00:  ✓ Starting...
2026-07-20 13:16:35 -04:00:  ✓ Ready in 4.6s
2026-07-20 13:16:38 -04:00: [?25h
2026-07-20 13:16:38 -04:00: 
2026-07-20 13:16:38 -04:00: 
2026-07-20 13:16:38 -04:00: > dte-chile-app@1.0.0 dev
2026-07-20 13:16:38 -04:00: > next dev -p 3001
2026-07-20 13:16:38 -04:00: 
2026-07-20 13:16:38 -04:00:   ▲ Next.js 14.2.35
2026-07-20 13:16:38 -04:00:   - Local:        http://localhost:3001
2026-07-20 13:16:38 -04:00:   - Environments: .env.local
2026-07-20 13:16:38 -04:00: 
2026-07-20 13:16:38 -04:00:  ✓ Starting...
2026-07-20 13:16:40 -04:00:  ✓ Ready in 1399ms
2026-07-20 13:16:43 -04:00: [?25h
2026-07-20 13:16:43 -04:00: 
2026-07-20 13:16:43 -04:00: 
2026-07-20 13:16:43 -04:00: > dte-chile-app@1.0.0 dev
2026-07-20 13:16:43 -04:00: > next dev -p 3001
2026-07-20 13:16:43 -04:00: 
2026-07-20 13:16:44 -04:00:   ▲ Next.js 14.2.35
2026-07-20 13:16:44 -04:00:   - Local:        http://localhost:3001
2026-07-20 13:16:44 -04:00:   - Environments: .env.local
2026-07-20 13:16:44 -04:00: 
2026-07-20 13:16:44 -04:00:  ✓ Starting...
2026-07-20 13:16:44 -04:00: [?25h
2026-07-20 13:16:44 -04:00: 
2026-07-20 13:16:44 -04:00: 
2026-07-20 13:16:44 -04:00: > dte-chile-app@1.0.0 dev
2026-07-20 13:16:44 -04:00: > next dev -p 3001
2026-07-20 13:16:44 -04:00: 
2026-07-20 13:16:45 -04:00:   ▲ Next.js 14.2.35
2026-07-20 13:16:45 -04:00:   - Local:        http://localhost:3001
2026-07-20 13:16:45 -04:00:   - Environments: .env.local
2026-07-20 13:16:45 -04:00: 
2026-07-20 13:16:45 -04:00:  ✓ Starting...
2026-07-20 13:16:47 -04:00:  ✓ Ready in 2.4s
2026-07-20 13:16:49 -04:00: [?25h
2026-07-20 13:16:49 -04:00: 
2026-07-20 13:16:49 -04:00: 
2026-07-20 13:16:49 -04:00: > dte-chile-app@1.0.0 dev
2026-07-20 13:16:49 -04:00: > next dev -p 3001
2026-07-20 13:16:49 -04:00: 
2026-07-20 13:16:50 -04:00:   ▲ Next.js 14.2.35
2026-07-20 13:16:50 -04:00:   - Local:        http://localhost:3001
2026-07-20 13:16:50 -04:00:   - Environments: .env.local
2026-07-20 13:16:50 -04:00: 
2026-07-20 13:16:50 -04:00:  ✓ Starting...
2026-07-20 13:16:50 -04:00: [?25h
2026-07-20 13:16:50 -04:00: 
2026-07-20 13:16:50 -04:00: 
2026-07-20 13:16:50 -04:00: > dte-chile-app@1.0.0 dev
2026-07-20 13:16:50 -04:00: > next dev -p 3001
2026-07-20 13:16:50 -04:00: 
2026-07-20 13:16:51 -04:00:   ▲ Next.js 14.2.35
2026-07-20 13:16:51 -04:00:   - Local:        http://localhost:3001
2026-07-20 13:16:51 -04:00:   - Environments: .env.local
2026-07-20 13:16:51 -04:00: 
2026-07-20 13:16:51 -04:00:  ✓ Starting...
2026-07-20 13:16:52 -04:00:  ✓ Ready in 1431ms
2026-07-20 13:16:56 -04:00: [?25h
2026-07-20 13:16:56 -04:00: 
2026-07-20 13:16:56 -04:00: 
2026-07-20 13:16:56 -04:00: > dte-chile-app@1.0.0 dev
2026-07-20 13:16:56 -04:00: > next dev -p 3001
2026-07-20 13:16:56 -04:00: 
2026-07-20 13:16:57 -04:00:   ▲ Next.js 14.2.35
2026-07-20 13:16:57 -04:00:   - Local:        http://localhost:3001
2026-07-20 13:16:57 -04:00:   - Environments: .env.local
2026-07-20 13:16:57 -04:00: 
2026-07-20 13:16:57 -04:00:  ✓ Starting...
2026-07-20 13:16:58 -04:00:  ✓ Ready in 1518ms
2026-07-20 13:17:03 -04:00: [?25h
2026-07-20 13:17:03 -04:00: 
2026-07-20 13:17:03 -04:00: 
2026-07-20 13:17:03 -04:00: > dte-chile-app@1.0.0 dev
2026-07-20 13:17:03 -04:00: > next dev -p 3001
2026-07-20 13:17:03 -04:00: 
2026-07-20 13:17:03 -04:00:   ▲ Next.js 14.2.35
2026-07-20 13:17:03 -04:00:   - Local:        http://localhost:3001
2026-07-20 13:17:03 -04:00:   - Environments: .env.local
2026-07-20 13:17:03 -04:00: 
2026-07-20 13:17:03 -04:00:  ✓ Starting...
2026-07-20 13:17:07 -04:00:  ✓ Ready in 3.5s
2026-07-20 13:17:10 -04:00: [?25h
2026-07-20 13:17:10 -04:00: 
2026-07-20 13:17:11 -04:00: 
2026-07-20 13:17:11 -04:00: > dte-chile-app@1.0.0 dev
2026-07-20 13:17:11 -04:00: > next dev -p 3001
2026-07-20 13:17:11 -04:00: 
2026-07-20 13:17:11 -04:00:   ▲ Next.js 14.2.35
2026-07-20 13:17:11 -04:00:   - Local:        http://localhost:3001
2026-07-20 13:17:11 -04:00:   - Environments: .env.local
2026-07-20 13:17:11 -04:00: 
2026-07-20 13:17:11 -04:00:  ✓ Starting...
2026-07-20 13:17:12 -04:00: [?25h
2026-07-20 13:17:12 -04:00: 
2026-07-20 13:17:12 -04:00: 
2026-07-20 13:17:12 -04:00: > dte-chile-app@1.0.0 dev
2026-07-20 13:17:12 -04:00: > next dev -p 3001
2026-07-20 13:17:12 -04:00: 
2026-07-20 13:17:13 -04:00:   ▲ Next.js 14.2.35
2026-07-20 13:17:13 -04:00:   - Local:        http://localhost:3001
2026-07-20 13:17:13 -04:00:   - Environments: .env.local
2026-07-20 13:17:13 -04:00: 
2026-07-20 13:17:13 -04:00:  ✓ Starting...
2026-07-20 13:17:14 -04:00:  ✓ Ready in 1472ms
2026-07-20 13:17:42 -04:00:  ○ Compiling /facturas ...
2026-07-20 13:17:42 -04:00:  ✓ Compiled /facturas in 1361ms (754 modules)
2026-07-20 13:17:43 -04:00:  GET /facturas 200 in 1656ms
2026-07-20 13:17:43 -04:00:  ✓ Compiled /_not-found in 707ms (743 modules)
2026-07-20 13:17:43 -04:00:  GET /.well-known/appspecific/com.chrome.devtools.json 404 in 554ms
2026-07-20 13:17:46 -04:00:  ✓ Compiled /facturas/[folio] in 353ms (777 modules)
2026-07-20 13:18:25 -04:00:  ✓ Compiled in 293ms (777 modules)
2026-07-20 13:18:26 -04:00: [?25h
2026-07-20 13:18:26 -04:00: 
2026-07-20 13:18:26 -04:00: 
2026-07-20 13:18:26 -04:00: > dte-chile-app@1.0.0 dev
2026-07-20 13:18:26 -04:00: > next dev -p 3001
2026-07-20 13:18:26 -04:00: 
2026-07-20 13:18:26 -04:00:   ▲ Next.js 14.2.35
2026-07-20 13:18:26 -04:00:   - Local:        http://localhost:3001
2026-07-20 13:18:26 -04:00:   - Environments: .env.local
2026-07-20 13:18:26 -04:00: 
2026-07-20 13:18:26 -04:00:  ✓ Starting...
2026-07-20 13:18:28 -04:00:  ✓ Ready in 1478ms
2026-07-20 13:18:32 -04:00: [?25h
2026-07-20 13:18:32 -04:00: 
2026-07-20 13:18:32 -04:00: 
2026-07-20 13:18:32 -04:00: > dte-chile-app@1.0.0 dev
2026-07-20 13:18:32 -04:00: > next dev -p 3001
2026-07-20 13:18:32 -04:00: 
2026-07-20 13:18:32 -04:00:   ▲ Next.js 14.2.35
2026-07-20 13:18:32 -04:00:   - Local:        http://localhost:3001
2026-07-20 13:18:32 -04:00:   - Environments: .env.local
2026-07-20 13:18:32 -04:00: 
2026-07-20 13:18:32 -04:00:  ✓ Starting...
2026-07-20 13:18:34 -04:00:  ✓ Ready in 1571ms
2026-07-20 13:18:35 -04:00: [?25h
2026-07-20 13:18:35 -04:00: 
2026-07-20 13:18:35 -04:00: 
2026-07-20 13:18:35 -04:00: > dte-chile-app@1.0.0 dev
2026-07-20 13:18:35 -04:00: > next dev -p 3001
2026-07-20 13:18:35 -04:00: 
2026-07-20 13:18:35 -04:00:   ▲ Next.js 14.2.35
2026-07-20 13:18:35 -04:00:   - Local:        http://localhost:3001
2026-07-20 13:18:35 -04:00:   - Environments: .env.local
2026-07-20 13:18:35 -04:00: 
2026-07-20 13:18:35 -04:00:  ✓ Starting...
2026-07-20 13:18:37 -04:00:  ✓ Ready in 1220ms
2026-07-20 13:18:52 -04:00:  ○ Compiling /facturas ...
2026-07-20 13:18:53 -04:00:  ✓ Compiled /facturas in 1420ms (754 modules)
2026-07-20 13:18:53 -04:00:  GET /facturas 200 in 1569ms
2026-07-20 13:18:53 -04:00:  ✓ Compiled in 187ms (341 modules)
2026-07-20 13:18:53 -04:00:  GET /facturas 200 in 111ms
2026-07-20 13:18:53 -04:00:  ✓ Compiled /_not-found in 291ms (743 modules)
2026-07-20 13:18:53 -04:00:  GET /.well-known/appspecific/com.chrome.devtools.json 404 in 357ms
2026-07-20 13:18:57 -04:00:  ✓ Compiled /facturas/[folio] in 374ms (777 modules)
2026-07-20 13:19:29 -04:00:  ✓ Compiled in 427ms (777 modules)
2026-07-20 13:19:30 -04:00: [?25h
2026-07-20 13:19:30 -04:00: 
2026-07-20 13:19:30 -04:00: 
2026-07-20 13:19:30 -04:00: > dte-chile-app@1.0.0 dev
2026-07-20 13:19:30 -04:00: > next dev -p 3001
2026-07-20 13:19:30 -04:00: 
2026-07-20 13:19:30 -04:00:   ▲ Next.js 14.2.35
2026-07-20 13:19:30 -04:00:   - Local:        http://localhost:3001
2026-07-20 13:19:30 -04:00:   - Environments: .env.local
2026-07-20 13:19:30 -04:00: 
2026-07-20 13:19:30 -04:00:  ✓ Starting...
2026-07-20 13:19:32 -04:00:  ✓ Ready in 1641ms
2026-07-20 13:19:38 -04:00: [?25h
2026-07-20 13:19:38 -04:00: 
2026-07-20 13:19:38 -04:00: 
2026-07-20 13:19:38 -04:00: > dte-chile-app@1.0.0 dev
2026-07-20 13:19:38 -04:00: > next dev -p 3001
2026-07-20 13:19:38 -04:00: 
2026-07-20 13:19:39 -04:00:   ▲ Next.js 14.2.35
2026-07-20 13:19:39 -04:00:   - Local:        http://localhost:3001
2026-07-20 13:19:39 -04:00:   - Environments: .env.local
2026-07-20 13:19:39 -04:00: 
2026-07-20 13:19:39 -04:00:  ✓ Starting...
2026-07-20 13:19:40 -04:00:  ✓ Ready in 1319ms
2026-07-20 13:19:41 -04:00: [?25h
2026-07-20 13:19:41 -04:00: 
2026-07-20 13:19:42 -04:00: 
2026-07-20 13:19:42 -04:00: > dte-chile-app@1.0.0 dev
2026-07-20 13:19:42 -04:00: > next dev -p 3001
2026-07-20 13:19:42 -04:00: 
2026-07-20 13:19:42 -04:00:   ▲ Next.js 14.2.35
2026-07-20 13:19:42 -04:00:   - Local:        http://localhost:3001
2026-07-20 13:19:42 -04:00:   - Environments: .env.local
2026-07-20 13:19:42 -04:00: 
2026-07-20 13:19:42 -04:00:  ✓ Starting...
2026-07-20 13:19:43 -04:00:  ✓ Ready in 1454ms
2026-07-20 13:19:46 -04:00:  ○ Compiling /facturas ...
2026-07-20 13:19:46 -04:00:  ✓ Compiled /facturas in 1264ms (754 modules)
2026-07-20 13:19:47 -04:00:  GET /facturas 200 in 1502ms
2026-07-20 13:19:47 -04:00:  ✓ Compiled in 558ms (341 modules)
2026-07-20 13:19:48 -04:00:  ○ Compiling /_not-found ...
2026-07-20 13:19:48 -04:00:  ✓ Compiled /_not-found in 503ms (743 modules)
2026-07-20 13:19:48 -04:00:  GET /.well-known/appspecific/com.chrome.devtools.json 404 in 610ms
2026-07-20 13:19:48 -04:00: [?25h
2026-07-20 13:19:48 -04:00: 
2026-07-20 13:19:49 -04:00: 
2026-07-20 13:19:49 -04:00: > dte-chile-app@1.0.0 dev
2026-07-20 13:19:49 -04:00: > next dev -p 3001
2026-07-20 13:19:49 -04:00: 
2026-07-20 13:19:49 -04:00:   ▲ Next.js 14.2.35
2026-07-20 13:19:49 -04:00:   - Local:        http://localhost:3001
2026-07-20 13:19:49 -04:00:   - Environments: .env.local
2026-07-20 13:19:49 -04:00: 
2026-07-20 13:19:49 -04:00:  ✓ Starting...
2026-07-20 13:19:51 -04:00:  ✓ Ready in 2.2s
2026-07-20 13:19:52 -04:00:  ○ Compiling /facturas/[folio] ...
2026-07-20 13:19:53 -04:00:  ✓ Compiled /facturas/[folio] in 1718ms (782 modules)
2026-07-20 13:19:53 -04:00:  ✓ Compiled in 103ms (355 modules)
2026-07-20 13:20:16 -04:00:  ✓ Compiled /facturas in 425ms (774 modules)
2026-07-20 13:20:16 -04:00:  GET /facturas 200 in 561ms
2026-07-20 13:20:17 -04:00:  ✓ Compiled /_not-found in 331ms (777 modules)
2026-07-20 13:20:17 -04:00:  GET /.well-known/appspecific/com.chrome.devtools.json 404 in 397ms
2026-07-20 13:20:30 -04:00:  GET /facturas 200 in 88ms
2026-07-20 13:20:58 -04:00:  ✓ Compiled /select-company in 176ms (783 modules)
2026-07-20 13:21:13 -04:00:  POST /api/generate-pdf 500 in 425ms
2026-07-20 13:21:13 -04:00:  ○ Compiling /api/generate-pdf ...
2026-07-20 13:21:44 -04:00:  POST /api/generate-pdf 500 in 15ms
2026-07-20 13:22:47 -04:00:  ✓ Compiled /api/generate-pdf in 207ms (431 modules)
2026-07-20 13:22:48 -04:00: [?25h
2026-07-20 13:22:48 -04:00: 
2026-07-20 13:22:48 -04:00: 
2026-07-20 13:22:48 -04:00: > dte-chile-app@1.0.0 dev
2026-07-20 13:22:48 -04:00: > next dev -p 3001
2026-07-20 13:22:48 -04:00: 
2026-07-20 13:22:49 -04:00:   ▲ Next.js 14.2.35
2026-07-20 13:22:49 -04:00:   - Local:        http://localhost:3001
2026-07-20 13:22:49 -04:00:   - Environments: .env.local
2026-07-20 13:22:49 -04:00: 
2026-07-20 13:22:49 -04:00:  ✓ Starting...
2026-07-20 13:22:50 -04:00:  ✓ Ready in 1604ms
2026-07-20 13:22:53 -04:00: [?25h
2026-07-20 13:22:53 -04:00: 
2026-07-20 13:22:53 -04:00: 
2026-07-20 13:22:53 -04:00: > dte-chile-app@1.0.0 dev
2026-07-20 13:22:53 -04:00: > next dev -p 3001
2026-07-20 13:22:53 -04:00: 
2026-07-20 13:22:53 -04:00:   ▲ Next.js 14.2.35
2026-07-20 13:22:53 -04:00:   - Local:        http://localhost:3001
2026-07-20 13:22:53 -04:00:   - Environments: .env.local
2026-07-20 13:22:53 -04:00: 
2026-07-20 13:22:53 -04:00:  ✓ Starting...
2026-07-20 13:22:55 -04:00:  ✓ Ready in 1214ms
2026-07-20 13:22:59 -04:00: [?25h
2026-07-20 13:22:59 -04:00: 
2026-07-20 13:22:59 -04:00: 
2026-07-20 13:22:59 -04:00: > dte-chile-app@1.0.0 dev
2026-07-20 13:22:59 -04:00: > next dev -p 3001
2026-07-20 13:22:59 -04:00: 
2026-07-20 13:22:59 -04:00:   ▲ Next.js 14.2.35
2026-07-20 13:22:59 -04:00:   - Local:        http://localhost:3001
2026-07-20 13:22:59 -04:00:   - Environments: .env.local
2026-07-20 13:22:59 -04:00: 
2026-07-20 13:22:59 -04:00:  ✓ Starting...
2026-07-20 13:23:01 -04:00:  ✓ Ready in 1493ms
2026-07-20 13:23:08 -04:00: [?25h
2026-07-20 13:23:08 -04:00: 
2026-07-20 13:23:08 -04:00: 
2026-07-20 13:23:08 -04:00: > dte-chile-app@1.0.0 dev
2026-07-20 13:23:08 -04:00: > next dev -p 3001
2026-07-20 13:23:08 -04:00: 
2026-07-20 13:23:09 -04:00:   ▲ Next.js 14.2.35
2026-07-20 13:23:09 -04:00:   - Local:        http://localhost:3001
2026-07-20 13:23:09 -04:00:   - Environments: .env.local
2026-07-20 13:23:09 -04:00: 
2026-07-20 13:23:09 -04:00:  ✓ Starting...
2026-07-20 13:23:10 -04:00:  ✓ Ready in 1237ms
2026-07-20 13:23:12 -04:00: [?25h
2026-07-20 13:23:12 -04:00: 
2026-07-20 13:23:12 -04:00: 
2026-07-20 13:23:12 -04:00: > dte-chile-app@1.0.0 dev
2026-07-20 13:23:12 -04:00: > next dev -p 3001
2026-07-20 13:23:12 -04:00: 
2026-07-20 13:23:12 -04:00:   ▲ Next.js 14.2.35
2026-07-20 13:23:12 -04:00:   - Local:        http://localhost:3001
2026-07-20 13:23:12 -04:00:   - Environments: .env.local
2026-07-20 13:23:12 -04:00: 
2026-07-20 13:23:12 -04:00:  ✓ Starting...
2026-07-20 13:23:15 -04:00: [?25h
2026-07-20 13:23:15 -04:00: 
2026-07-20 13:23:15 -04:00: 
2026-07-20 13:23:15 -04:00: > dte-chile-app@1.0.0 dev
2026-07-20 13:23:15 -04:00: > next dev -p 3001
2026-07-20 13:23:15 -04:00: 
2026-07-20 13:23:15 -04:00:   ▲ Next.js 14.2.35
2026-07-20 13:23:15 -04:00:   - Local:        http://localhost:3001
2026-07-20 13:23:15 -04:00:   - Environments: .env.local
2026-07-20 13:23:15 -04:00: 
2026-07-20 13:23:15 -04:00:  ✓ Starting...
2026-07-20 13:23:17 -04:00:  ✓ Ready in 1469ms
